<?xml version="1.0" encoding="UTF-8"?>
<!-- Generated by org.testng.reporters.JUnitXMLReporter -->
<testsuite ignored="0" hostname="LAPTOP-6PF3SGRJ" failures="0" tests="3" name="Test" time="20.469" errors="0" timestamp="2020-03-28T02:11:50 EDT">
  <testcase classname="testingInNg.DoctorTests" name="@BeforeMethod setUp" time="20.284">
    <failure type="org.openqa.selenium.SessionNotCreatedException" message="session not created
from chrome not reachable
  (Session info: chrome=80.0.3987.149)
Build info: version: &amp;apos;4.0.0-alpha-4&amp;apos;, revision: &amp;apos;c2d955b49e&amp;apos;
System info: host: &amp;apos;LAPTOP-6PF3SGRJ&amp;apos;, ip: &amp;apos;192.168.1.10&amp;apos;, os.name: &amp;apos;Windows 10&amp;apos;, os.arch: &amp;apos;amd64&amp;apos;, os.version: &amp;apos;10.0&amp;apos;, java.version: &amp;apos;13.0.1&amp;apos;
Driver info: driver.version: ChromeDriver
remote stacktrace: Backtrace:
	Ordinal0 [0x003CA113+1548563]
	Ordinal0 [0x0034DDA1+1039777]
	Ordinal0 [0x002CE32E+516910]
	Ordinal0 [0x002C8012+491538]
	Ordinal0 [0x002C86EB+493291]
	Ordinal0 [0x002C9855+497749]
	Ordinal0 [0x002C5885+481413]
	Ordinal0 [0x002CF0D0+520400]
	Ordinal0 [0x0027C030+180272]
	Ordinal0 [0x0027B59D+177565]
	Ordinal0 [0x002795FB+169467]
	Ordinal0 [0x0026160A+71178]
	Ordinal0 [0x00262690+75408]
	Ordinal0 [0x00262629+75305]
	Ordinal0 [0x003671B7+1143223]
	GetHandleVerifier [0x00462B46+507814]
	GetHandleVerifier [0x00462864+507076]
	GetHandleVerifier [0x00469F47+537511]
	GetHandleVerifier [0x00463402+510050]
	Ordinal0 [0x0035F29C+1110684]
	Ordinal0 [0x0036938B+1151883]
	Ordinal0 [0x003694F3+1152243]
	Ordinal0 [0x003683F5+1147893]
	BaseThreadInitThunk [0x75606359+25]
	RtlGetAppContainerNamedObjectPath [0x77177B74+228]
	RtlGetAppContainerNamedObjectPath [0x77177B44+180]
">
      <![CDATA[org.openqa.selenium.SessionNotCreatedException: session not created
from chrome not reachable
  (Session info: chrome=80.0.3987.149)
Build info: version: '4.0.0-alpha-4', revision: 'c2d955b49e'
System info: host: 'LAPTOP-6PF3SGRJ', ip: '192.168.1.10', os.name: 'Windows 10', os.arch: 'amd64', os.version: '10.0', java.version: '13.0.1'
Driver info: driver.version: ChromeDriver
remote stacktrace: Backtrace:
Ordinal0 [0x003CA113+1548563]
Ordinal0 [0x0034DDA1+1039777]
Ordinal0 [0x002CE32E+516910]
Ordinal0 [0x002C8012+491538]
Ordinal0 [0x002C86EB+493291]
Ordinal0 [0x002C9855+497749]
Ordinal0 [0x002C5885+481413]
Ordinal0 [0x002CF0D0+520400]
Ordinal0 [0x0027C030+180272]
Ordinal0 [0x0027B59D+177565]
Ordinal0 [0x002795FB+169467]
Ordinal0 [0x0026160A+71178]
Ordinal0 [0x00262690+75408]
Ordinal0 [0x00262629+75305]
Ordinal0 [0x003671B7+1143223]
GetHandleVerifier [0x00462B46+507814]
GetHandleVerifier [0x00462864+507076]
GetHandleVerifier [0x00469F47+537511]
GetHandleVerifier [0x00463402+510050]
Ordinal0 [0x0035F29C+1110684]
Ordinal0 [0x0036938B+1151883]
Ordinal0 [0x003694F3+1152243]
Ordinal0 [0x003683F5+1147893]
BaseThreadInitThunk [0x75606359+25]
RtlGetAppContainerNamedObjectPath [0x77177B74+228]
RtlGetAppContainerNamedObjectPath [0x77177B44+180]

at org.openqa.selenium.remote.W3CHandshakeResponse.lambda$errorHandler$0(W3CHandshakeResponse.java:62)
at org.openqa.selenium.remote.HandshakeResponse.lambda$getResponseFunction$0(HandshakeResponse.java:30)
at org.openqa.selenium.remote.ProtocolHandshake.lambda$createSession$1(ProtocolHandshake.java:126)
at java.base/java.util.stream.ReferencePipeline$3$1.accept(ReferencePipeline.java:195)
at java.base/java.util.Spliterators$ArraySpliterator.tryAdvance(Spliterators.java:958)
at java.base/java.util.stream.ReferencePipeline.forEachWithCancel(ReferencePipeline.java:127)
at java.base/java.util.stream.AbstractPipeline.copyIntoWithCancel(AbstractPipeline.java:502)
at java.base/java.util.stream.AbstractPipeline.copyInto(AbstractPipeline.java:488)
at java.base/java.util.stream.AbstractPipeline.wrapAndCopyInto(AbstractPipeline.java:474)
at java.base/java.util.stream.FindOps$FindOp.evaluateSequential(FindOps.java:150)
at java.base/java.util.stream.AbstractPipeline.evaluate(AbstractPipeline.java:234)
at java.base/java.util.stream.ReferencePipeline.findFirst(ReferencePipeline.java:543)
at org.openqa.selenium.remote.ProtocolHandshake.createSession(ProtocolHandshake.java:128)
at org.openqa.selenium.remote.ProtocolHandshake.createSession(ProtocolHandshake.java:75)
at org.openqa.selenium.remote.HttpCommandExecutor.execute(HttpCommandExecutor.java:139)
at org.openqa.selenium.remote.service.DriverCommandExecutor.execute(DriverCommandExecutor.java:83)
at org.openqa.selenium.remote.RemoteWebDriver.execute(RemoteWebDriver.java:582)
at org.openqa.selenium.remote.RemoteWebDriver.startSession(RemoteWebDriver.java:216)
at org.openqa.selenium.remote.RemoteWebDriver.<init>(RemoteWebDriver.java:136)
at org.openqa.selenium.chromium.ChromiumDriver.<init>(ChromiumDriver.java:75)
at org.openqa.selenium.chrome.ChromeDriver.<init>(ChromeDriver.java:163)
at org.openqa.selenium.chrome.ChromeDriver.<init>(ChromeDriver.java:150)
at org.openqa.selenium.chrome.ChromeDriver.<init>(ChromeDriver.java:105)
at testingInNg.DoctorTests.setUp(DoctorTests.java:42)
at java.base/java.util.ArrayList.forEach(ArrayList.java:1507)
... Removed 36 stack frames]]>
    </failure>
  </testcase> <!-- @BeforeMethod setUp -->
  <testcase classname="testingInNg.DoctorTests" name="@AfterMethod tearDown" time="-1.58537591053E9">
    <skipped/>
  </testcase> <!-- @AfterMethod tearDown -->
  <testcase classname="testingInNg.DoctorTests" name="doctorLogin" time="0.0">
    <skipped/>
  </testcase> <!-- doctorLogin -->
  <testcase classname="testingInNg.DoctorTests" name="sendMsgToPatient" time="0.0">
    <skipped/>
  </testcase> <!-- sendMsgToPatient -->
  <testcase classname="testingInNg.DoctorTests" name="createCase" time="0.0">
    <skipped/>
  </testcase> <!-- createCase -->
</testsuite> <!-- Test -->
