<?xml version="1.0" encoding="UTF-8"?>
<!-- Generated by org.testng.reporters.JUnitReportReporter -->
<testsuite hostname="LAPTOP-6PF3SGRJ" failures="0" tests="4" name="testingInNg.DoctorTests" time="20.284" errors="1" timestamp="2020-03-28T02:11:50 EDT" skipped="3">
  <testcase classname="testingInNg.DoctorTests" name="setUp" time="20.284">
    <error message="session not created
from chrome not reachable
  (Session info: chrome=80.0.3987.149)
Build info: version: &#039;4.0.0-alpha-4&#039;, revision: &#039;c2d955b49e&#039;
System info: host: &#039;LAPTOP-6PF3SGRJ&#039;, ip: &#039;192.168.1.10&#039;, os.name: &#039;Windows 10&#039;, os.arch: &#039;amd64&#039;, os.version: &#039;10.0&#039;, java.version: &#039;13.0.1&#039;
Driver info: driver.version: ChromeDriver
remote stacktrace: Backtrace:
	Ordinal0 [0x003CA113+1548563]
	Ordinal0 [0x0034DDA1+1039777]
	Ordinal0 [0x002CE32E+516910]
	Ordinal0 [0x002C8012+491538]
	Ordinal0 [0x002C86EB+493291]
	Ordinal0 [0x002C9855+497749]
	Ordinal0 [0x002C5885+481413]
	Ordinal0 [0x002CF0D0+520400]
	Ordinal0 [0x0027C030+180272]
	Ordinal0 [0x0027B59D+177565]
	Ordinal0 [0x002795FB+169467]
	Ordinal0 [0x0026160A+71178]
	Ordinal0 [0x00262690+75408]
	Ordinal0 [0x00262629+75305]
	Ordinal0 [0x003671B7+1143223]
	GetHandleVerifier [0x00462B46+507814]
	GetHandleVerifier [0x00462864+507076]
	GetHandleVerifier [0x00469F47+537511]
	GetHandleVerifier [0x00463402+510050]
	Ordinal0 [0x0035F29C+1110684]
	Ordinal0 [0x0036938B+1151883]
	Ordinal0 [0x003694F3+1152243]
	Ordinal0 [0x003683F5+1147893]
	BaseThreadInitThunk [0x75606359+25]
	RtlGetAppContainerNamedObjectPath [0x77177B74+228]
	RtlGetAppContainerNamedObjectPath [0x77177B44+180]
" type="org.openqa.selenium.SessionNotCreatedException">
      <![CDATA[org.openqa.selenium.SessionNotCreatedException: session not created
from chrome not reachable
  (Session info: chrome=80.0.3987.149)
Build info: version: '4.0.0-alpha-4', revision: 'c2d955b49e'
System info: host: 'LAPTOP-6PF3SGRJ', ip: '192.168.1.10', os.name: 'Windows 10', os.arch: 'amd64', os.version: '10.0', java.version: '13.0.1'
Driver info: driver.version: ChromeDriver
remote stacktrace: Backtrace:
Ordinal0 [0x003CA113+1548563]
Ordinal0 [0x0034DDA1+1039777]
Ordinal0 [0x002CE32E+516910]
Ordinal0 [0x002C8012+491538]
Ordinal0 [0x002C86EB+493291]
Ordinal0 [0x002C9855+497749]
Ordinal0 [0x002C5885+481413]
Ordinal0 [0x002CF0D0+520400]
Ordinal0 [0x0027C030+180272]
Ordinal0 [0x0027B59D+177565]
Ordinal0 [0x002795FB+169467]
Ordinal0 [0x0026160A+71178]
Ordinal0 [0x00262690+75408]
Ordinal0 [0x00262629+75305]
Ordinal0 [0x003671B7+1143223]
GetHandleVerifier [0x00462B46+507814]
GetHandleVerifier [0x00462864+507076]
GetHandleVerifier [0x00469F47+537511]
GetHandleVerifier [0x00463402+510050]
Ordinal0 [0x0035F29C+1110684]
Ordinal0 [0x0036938B+1151883]
Ordinal0 [0x003694F3+1152243]
Ordinal0 [0x003683F5+1147893]
BaseThreadInitThunk [0x75606359+25]
RtlGetAppContainerNamedObjectPath [0x77177B74+228]
RtlGetAppContainerNamedObjectPath [0x77177B44+180]

at java.base/jdk.internal.reflect.NativeConstructorAccessorImpl.newInstance0(Native Method)
at java.base/jdk.internal.reflect.NativeConstructorAccessorImpl.newInstance(NativeConstructorAccessorImpl.java:62)
at java.base/jdk.internal.reflect.DelegatingConstructorAccessorImpl.newInstance(DelegatingConstructorAccessorImpl.java:45)
at java.base/java.lang.reflect.Constructor.newInstanceWithCaller(Constructor.java:500)
at java.base/java.lang.reflect.Constructor.newInstance(Constructor.java:481)
at org.openqa.selenium.remote.W3CHandshakeResponse.lambda$errorHandler$0(W3CHandshakeResponse.java:62)
at org.openqa.selenium.remote.HandshakeResponse.lambda$getResponseFunction$0(HandshakeResponse.java:30)
at org.openqa.selenium.remote.ProtocolHandshake.lambda$createSession$1(ProtocolHandshake.java:126)
at java.base/java.util.stream.ReferencePipeline$3$1.accept(ReferencePipeline.java:195)
at java.base/java.util.Spliterators$ArraySpliterator.tryAdvance(Spliterators.java:958)
at java.base/java.util.stream.ReferencePipeline.forEachWithCancel(ReferencePipeline.java:127)
at java.base/java.util.stream.AbstractPipeline.copyIntoWithCancel(AbstractPipeline.java:502)
at java.base/java.util.stream.AbstractPipeline.copyInto(AbstractPipeline.java:488)
at java.base/java.util.stream.AbstractPipeline.wrapAndCopyInto(AbstractPipeline.java:474)
at java.base/java.util.stream.FindOps$FindOp.evaluateSequential(FindOps.java:150)
at java.base/java.util.stream.AbstractPipeline.evaluate(AbstractPipeline.java:234)
at java.base/java.util.stream.ReferencePipeline.findFirst(ReferencePipeline.java:543)
at org.openqa.selenium.remote.ProtocolHandshake.createSession(ProtocolHandshake.java:128)
at org.openqa.selenium.remote.ProtocolHandshake.createSession(ProtocolHandshake.java:75)
at org.openqa.selenium.remote.HttpCommandExecutor.execute(HttpCommandExecutor.java:139)
at org.openqa.selenium.remote.service.DriverCommandExecutor.execute(DriverCommandExecutor.java:83)
at org.openqa.selenium.remote.RemoteWebDriver.execute(RemoteWebDriver.java:582)
at org.openqa.selenium.remote.RemoteWebDriver.startSession(RemoteWebDriver.java:216)
at org.openqa.selenium.remote.RemoteWebDriver.<init>(RemoteWebDriver.java:136)
at org.openqa.selenium.chromium.ChromiumDriver.<init>(ChromiumDriver.java:75)
at org.openqa.selenium.chrome.ChromeDriver.<init>(ChromeDriver.java:163)
at org.openqa.selenium.chrome.ChromeDriver.<init>(ChromeDriver.java:150)
at org.openqa.selenium.chrome.ChromeDriver.<init>(ChromeDriver.java:105)
at testingInNg.DoctorTests.setUp(DoctorTests.java:42)
at java.base/jdk.internal.reflect.NativeMethodAccessorImpl.invoke0(Native Method)
at java.base/jdk.internal.reflect.NativeMethodAccessorImpl.invoke(NativeMethodAccessorImpl.java:62)
at java.base/jdk.internal.reflect.DelegatingMethodAccessorImpl.invoke(DelegatingMethodAccessorImpl.java:43)
at java.base/java.lang.reflect.Method.invoke(Method.java:567)
at org.testng.internal.MethodInvocationHelper.invokeMethod(MethodInvocationHelper.java:133)
at org.testng.internal.MethodInvocationHelper.invokeMethodConsideringTimeout(MethodInvocationHelper.java:62)
at org.testng.internal.ConfigInvoker.invokeConfigurationMethod(ConfigInvoker.java:340)
at org.testng.internal.ConfigInvoker.invokeConfigurations(ConfigInvoker.java:294)
at org.testng.internal.TestInvoker.runConfigMethods(TestInvoker.java:683)
at org.testng.internal.TestInvoker.invokeMethod(TestInvoker.java:510)
at org.testng.internal.TestInvoker.invokeTestMethod(TestInvoker.java:172)
at org.testng.internal.MethodRunner.runInSequence(MethodRunner.java:46)
at org.testng.internal.TestInvoker$MethodInvocationAgent.invoke(TestInvoker.java:804)
at org.testng.internal.TestInvoker.invokeTestMethods(TestInvoker.java:145)
at org.testng.internal.TestMethodWorker.invokeTestMethods(TestMethodWorker.java:146)
at org.testng.internal.TestMethodWorker.run(TestMethodWorker.java:128)
at java.base/java.util.ArrayList.forEach(ArrayList.java:1507)
at org.testng.TestRunner.privateRun(TestRunner.java:770)
at org.testng.TestRunner.run(TestRunner.java:591)
at org.testng.SuiteRunner.runTest(SuiteRunner.java:402)
at org.testng.SuiteRunner.runSequentially(SuiteRunner.java:396)
at org.testng.SuiteRunner.privateRun(SuiteRunner.java:355)
at org.testng.SuiteRunner.run(SuiteRunner.java:304)
at org.testng.SuiteRunnerWorker.runSuite(SuiteRunnerWorker.java:53)
at org.testng.SuiteRunnerWorker.run(SuiteRunnerWorker.java:96)
at org.testng.TestNG.runSuitesSequentially(TestNG.java:1180)
at org.testng.TestNG.runSuitesLocally(TestNG.java:1102)
at org.testng.TestNG.runSuites(TestNG.java:1032)
at org.testng.TestNG.run(TestNG.java:1000)
at org.testng.remote.AbstractRemoteTestNG.run(AbstractRemoteTestNG.java:115)
at org.testng.remote.RemoteTestNG.initAndRun(RemoteTestNG.java:251)
at org.testng.remote.RemoteTestNG.main(RemoteTestNG.java:77)
]]>
    </error>
  </testcase> <!-- setUp -->
  <testcase classname="testingInNg.DoctorTests" name="doctorLogin" time="0.000">
    <skipped/>
  </testcase> <!-- doctorLogin -->
  <testcase classname="testingInNg.DoctorTests" name="sendMsgToPatient" time="0.000">
    <skipped/>
  </testcase> <!-- sendMsgToPatient -->
  <testcase classname="testingInNg.DoctorTests" name="createCase" time="0.000">
    <skipped/>
  </testcase> <!-- createCase -->
</testsuite> <!-- testingInNg.DoctorTests -->
